
********************************************************************************
                            Git Achievement Unlocked!                            

                                 Garage Inventor                                 
                      Used a custom alias for a Git command                      
********************************************************************************


********************************************************************************
                            Git Achievement Unlocked!                            

                                     Student                                     
       Accessed the documentation for a command with git [command] --help       
********************************************************************************


********************************************************************************
                            Git Achievement Unlocked!                            

                         Apprentice Architect (Level 1)                         
                     Created a new repository with git init.                     
********************************************************************************


********************************************************************************
                            Git Achievement Unlocked!                            

                           Apprentice Author (Level 1)                           
                     Made 2^Level commits using git commit.                     
********************************************************************************


********************************************************************************
                            Git Achievement Unlocked!                            

                               Let there be light                               
                            Commit without a parent.                            
********************************************************************************


********************************************************************************
                            Git Achievement Unlocked!                            

                         Apprentice Socialite (Level 1)                         
              pushed a branch to a remote repository using git push              
********************************************************************************


********************************************************************************
                            Git Achievement Unlocked!                            

                        Apprentice Stone Mason (Level 2)                        
   Added files to the index area for inclusion in the next commit with git add   
********************************************************************************


********************************************************************************
                            Git Achievement Unlocked!                            

                           Apprentice Miller (Level 1)                           
          Add only part of a file to the stage 5 times with git add -p.          
********************************************************************************


********************************************************************************
                            Git Achievement Unlocked!                            

                           Apprentice Author (Level 2)                           
                     Made 2^Level commits using git commit.                     
********************************************************************************


********************************************************************************
                            Git Achievement Unlocked!                            

                         Apprentice Socialite (Level 2)                         
              pushed a branch to a remote repository using git push              
********************************************************************************


********************************************************************************
                            Git Achievement Unlocked!                            

                      Apprentice Product Manager (Level 1)                      
       Stash the changes in a dirty working directory away with git stash.       
********************************************************************************


********************************************************************************
                            Git Achievement Unlocked!                            

                      Apprentice Product Manager (Level 2)                      
       Stash the changes in a dirty working directory away with git stash.       
********************************************************************************


********************************************************************************
                            Git Achievement Unlocked!                            

                        Apprentice Stone Mason (Level 3)                        
   Added files to the index area for inclusion in the next commit with git add   
********************************************************************************


********************************************************************************
                            Git Achievement Unlocked!                            

                           Apprentice Miller (Level 2)                           
         Add only part of a file to the stage 10 times with git add -p.         
********************************************************************************


********************************************************************************
                            Git Achievement Unlocked!                            

                           Apprentice Author (Level 3)                           
                     Made 2^Level commits using git commit.                     
********************************************************************************


********************************************************************************
                            Git Achievement Unlocked!                            

                      Apprentice Product Manager (Level 3)                      
       Stash the changes in a dirty working directory away with git stash.       
********************************************************************************


********************************************************************************
                            Git Achievement Unlocked!                            

                          Apprentice Merchant (Level 1)                          
                Added an external repository with git remote add.                
********************************************************************************


********************************************************************************
                            Git Achievement Unlocked!                            

                         Apprentice Socialite (Level 3)                         
              pushed a branch to a remote repository using git push              
********************************************************************************


********************************************************************************
                            Git Achievement Unlocked!                            

                          Apprentice Merchant (Level 2)                          
                Added an external repository with git remote add.                
********************************************************************************


********************************************************************************
                            Git Achievement Unlocked!                            

                              Stone Mason (Level 4)                              
   Added files to the index area for inclusion in the next commit with git add   
********************************************************************************


********************************************************************************
                            Git Achievement Unlocked!                            

                           Apprentice Miller (Level 3)                           
         Add only part of a file to the stage 16 times with git add -p.         
********************************************************************************


********************************************************************************
                            Git Achievement Unlocked!                            

                         Apprentice Architect (Level 2)                         
                     Created a new repository with git init.                     
********************************************************************************


********************************************************************************
                            Git Achievement Unlocked!                            

                                Author (Level 4)                                
                     Made 2^Level commits using git commit.                     
********************************************************************************


********************************************************************************
                            Git Achievement Unlocked!                            

                               Socialite (Level 4)                               
              pushed a branch to a remote repository using git push              
********************************************************************************


********************************************************************************
                            Git Achievement Unlocked!                            

                                    Caretaker                                    
                    Added a .gitignore file to a repository.                    
********************************************************************************


********************************************************************************
                            Git Achievement Unlocked!                            

                              Stone Mason (Level 5)                              
   Added files to the index area for inclusion in the next commit with git add   
********************************************************************************


********************************************************************************
                            Git Achievement Unlocked!                            

                            Product Manager (Level 4)                            
       Stash the changes in a dirty working directory away with git stash.       
********************************************************************************


********************************************************************************
                            Git Achievement Unlocked!                            

                               Socialite (Level 5)                               
              pushed a branch to a remote repository using git push              
********************************************************************************

