st
Date: Sat Apr 17 15:07:38 EDT 2010
diff .commonrc
Date: Sat Apr 17 15:08:07 EDT 2010
add .commonrc
Date: Sat Apr 17 15:08:13 EDT 2010
st
Date: Sat Apr 17 15:08:19 EDT 2010
commit
Date: Sat Apr 17 15:08:46 EDT 2010
st
Date: Sat Apr 17 15:08:55 EDT 2010
lg
Date: Sat Apr 17 15:09:01 EDT 2010
stash save my latest stuffs
Date: Sat Apr 17 15:09:25 EDT 2010
st
Date: Sat Apr 17 15:09:29 EDT 2010
st
Date: Sat Apr 17 15:09:55 EDT 2010
lga
Date: Sat Apr 17 15:10:01 EDT 2010
checkout master
Date: Sat Apr 17 15:10:04 EDT 2010
reset --hard remotes/trunk
Date: Sat Apr 17 15:10:12 EDT 2010
checkout local/trunk
Date: Sat Apr 17 15:10:25 EDT 2010
lga
Date: Sat Apr 17 15:10:34 EDT 2010
push origin master
Date: Sat Apr 17 15:10:41 EDT 2010
achievements --help
Date: Sat Apr 17 15:11:11 EDT 2010
achievements -l
Date: Sat Apr 17 15:11:21 EDT 2010
init
Date: Sat Apr 17 15:13:37 EDT 2010
achievements --help
Date: Sat Apr 17 15:13:52 EDT 2010
achievements -h
Date: Sat Apr 17 15:17:54 EDT 2010
config --global achievement.upload false
Date: Sat Apr 17 15:19:13 EDT 2010
init
Date: Sat Apr 17 15:33:14 EDT 2010
config --help
Date: Sat Apr 17 15:37:10 EDT 2010
config --help
Date: Sat Apr 17 15:38:14 EDT 2010
config --global -e
Date: Sat Apr 17 15:40:43 EDT 2010
config --global -e
Date: Sat Apr 17 15:41:25 EDT 2010
config --global -e
Date: Sat Apr 17 15:43:28 EDT 2010
achievements -p
Date: Sat Apr 17 15:43:40 EDT 2010
achievements -l
Date: Sat Apr 17 15:45:28 EDT 2010
remote add origin git@github.com:claytron/git-achievements.git
Date: Sat Apr 17 15:53:25 EDT 2010
st
Date: Sat Apr 17 15:53:52 EDT 2010
add git-achievements index.html index.rss
Date: Sat Apr 17 15:54:14 EDT 2010
st
Date: Sat Apr 17 15:54:17 EDT 2010
commit -a
Date: Sat Apr 17 15:54:31 EDT 2010
push origin master
Date: Sat Apr 17 15:55:12 EDT 2010
config --global -e
Date: Sat Apr 17 15:56:02 EDT 2010
--help
Date: Sat Apr 17 15:57:53 EDT 2010
branch --help
Date: Sat Apr 17 15:58:11 EDT 2010
branch gh-pages
Date: Sat Apr 17 15:58:19 EDT 2010
branch
Date: Sat Apr 17 15:58:25 EDT 2010
lga
Date: Sat Apr 17 15:58:38 EDT 2010
add -p .gitconfig
Date: Sat Apr 17 16:04:36 EDT 2010
st
Date: Sat Apr 17 16:06:16 EDT 2010
diff --staged
Date: Sat Apr 17 16:41:55 EDT 2010
commit
Date: Sat Apr 17 16:42:43 EDT 2010
st
Date: Sat Apr 17 16:42:45 EDT 2010
diff .gitconfig
Date: Sat Apr 17 16:42:59 EDT 2010
add -p .gitconfig
Date: Sat Apr 17 16:43:11 EDT 2010
st
Date: Sat Apr 17 16:43:27 EDT 2010
diff --staged
Date: Sat Apr 17 16:43:35 EDT 2010
commit
Date: Sat Apr 17 16:43:49 EDT 2010
st
Date: Sat Apr 17 16:44:12 EDT 2010
config --help
Date: Sat Apr 17 16:48:19 EDT 2010
st
Date: Sat Apr 17 16:49:08 EDT 2010
checkout gh-pages
Date: Sat Apr 17 16:49:15 EDT 2010
st
Date: Sat Apr 17 16:49:17 EDT 2010
push origin gh-pages
Date: Sat Apr 17 16:49:31 EDT 2010
lga
Date: Sat Apr 17 16:49:46 EDT 2010
st
Date: Sat Apr 17 16:49:53 EDT 2010
lga
Date: Sat Apr 17 16:50:18 EDT 2010
checkout HEAD
Date: Sat Apr 17 16:50:21 EDT 2010
reset --hard master
Date: Sat Apr 17 16:50:29 EDT 2010
lga
Date: Sat Apr 17 16:50:36 EDT 2010
push origin gh-pages
Date: Sat Apr 17 16:50:42 EDT 2010
st
Date: Sat Apr 17 17:07:01 EDT 2010
diff
Date: Sat Apr 17 17:07:26 EDT 2010
checkout .gitconfig
Date: Sat Apr 17 17:07:31 EDT 2010
st
Date: Sat Apr 17 17:07:34 EDT 2010
commit -a
Date: Sat Apr 17 17:08:23 EDT 2010
st
Date: Sat Apr 17 17:08:37 EDT 2010
add .git-achievements-action.log .git-achievements.log
Date: Sat Apr 17 17:08:44 EDT 2010
st
Date: Sat Apr 17 17:08:46 EDT 2010
stash save
Date: Sat Apr 17 17:10:55 EDT 2010
st
Date: Sat Apr 17 17:11:04 EDT 2010
stash list
Date: Sat Apr 17 17:11:25 EDT 2010
stash drop
Date: Sat Apr 17 17:11:28 EDT 2010
stash list
Date: Sat Apr 17 17:11:38 EDT 2010
stash show -p
Date: Sat Apr 17 17:12:13 EDT 2010
st
Date: Sat Apr 17 17:12:18 EDT 2010
add .git-achievements-action.log .git-achievements.log
Date: Sat Apr 17 17:12:57 EDT 2010
st
Date: Sat Apr 17 17:13:04 EDT 2010
st
Date: Sat Apr 17 17:14:00 EDT 2010
stash list
Date: Sat Apr 17 17:14:13 EDT 2010
st
Date: Sat Apr 17 17:16:47 EDT 2010
add .gitconfig
Date: Sat Apr 17 17:16:56 EDT 2010
st
Date: Sat Apr 17 17:17:03 EDT 2010
diff --staged
Date: Sat Apr 17 17:19:11 EDT 2010
st
Date: Sat Apr 17 17:19:24 EDT 2010
achievements -p
Date: Sat Apr 17 17:23:56 EDT 2010
lga
Date: Sun Apr 18 21:50:25 EDT 2010
diff
Date: Sun Apr 18 21:51:39 EDT 2010
diff
Date: Sun Apr 18 21:54:28 EDT 2010
diff
Date: Sun Apr 18 21:54:42 EDT 2010
add -p
Date: Sun Apr 18 21:55:05 EDT 2010
diff --staged
Date: Sun Apr 18 21:55:13 EDT 2010
commit
Date: Sun Apr 18 21:56:01 EDT 2010
add -p
Date: Sun Apr 18 21:56:13 EDT 2010
diff --staged
Date: Sun Apr 18 21:56:31 EDT 2010
commit
Date: Sun Apr 18 21:56:40 EDT 2010
st
Date: Sun Apr 18 21:59:16 EDT 2010
st
Date: Sun Apr 18 22:41:53 EDT 2010
add -p .vimrc
Date: Sun Apr 18 22:42:27 EDT 2010
st
Date: Sun Apr 18 22:42:31 EDT 2010
diff --staged
Date: Sun Apr 18 22:42:41 EDT 2010
commit
Date: Sun Apr 18 22:43:32 EDT 2010
st
Date: Sun Apr 18 22:43:47 EDT 2010
add -p .vimrc
Date: Sun Apr 18 22:44:02 EDT 2010
diff --staged
Date: Sun Apr 18 22:44:17 EDT 2010
commit
Date: Sun Apr 18 22:44:42 EDT 2010
add -p .vimrc
Date: Sun Apr 18 22:44:56 EDT 2010
diff --staged
Date: Sun Apr 18 22:45:13 EDT 2010
commit
Date: Sun Apr 18 22:45:44 EDT 2010
st
Date: Sun Apr 18 22:45:46 EDT 2010
diff .gitconfig
Date: Sun Apr 18 22:45:58 EDT 2010
stash apply
Date: Sun Apr 18 22:53:37 EDT 2010
st
Date: Wed Apr 21 16:19:54 EDT 2010
clone http://github.com/ahupp/python-magic.git
Date: Fri May  7 11:06:56 CEST 2010
stash save latest dotties...
Date: Mon May 31 21:55:07 EDT 2010
st
Date: Mon May 31 21:55:12 EDT 2010
push --help
Date: Wed Jun 23 16:57:44 EDT 2010
push --force origin master
Date: Wed Jun 23 17:27:54 EDT 2010
st
Date: Thu Jun 24 17:39:17 EDT 2010
st
Date: Thu Jun 24 17:39:53 EDT 2010
st
Date: Thu Jun 24 17:40:05 EDT 2010
st
Date: Thu Jun 24 17:45:04 EDT 2010
st
Date: Thu Jun 24 17:45:29 EDT 2010
checkout IGNORE.txt
Date: Thu Jun 24 17:45:45 EDT 2010
st
Date: Thu Jun 24 17:45:49 EDT 2010
st
Date: Fri Jun 25 10:22:17 EDT 2010
diff
Date: Fri Jun 25 10:25:56 EDT 2010
stash save todo tests
Date: Fri Jun 25 10:28:58 EDT 2010
st
Date: Fri Jun 25 10:29:01 EDT 2010
init
Date: Sun Jun 27 17:11:00 EDT 2010
st
Date: Sun Jun 27 17:11:03 EDT 2010
add descriptor.xml skin
Date: Sun Jun 27 17:11:10 EDT 2010
st
Date: Sun Jun 27 17:11:11 EDT 2010
commit
Date: Sun Jun 27 17:12:26 EDT 2010
st
Date: Sun Jun 27 17:15:17 EDT 2010
rm -r images
Date: Sun Jun 27 17:15:49 EDT 2010
st
Date: Sun Jun 27 17:16:38 EDT 2010
commit
Date: Sun Jun 27 17:18:29 EDT 2010
st
Date: Sun Jun 27 20:47:38 EDT 2010
st
Date: Sun Jun 27 20:47:56 EDT 2010
diff
Date: Sun Jun 27 22:19:27 EDT 2010
st
Date: Sun Jun 27 22:19:29 EDT 2010
st
Date: Sun Jun 27 22:19:44 EDT 2010
add helpers.py
Date: Sun Jun 27 22:19:48 EDT 2010
st
Date: Sun Jun 27 22:23:38 EDT 2010
add -p skin/Boxee Skin NG/720p/menu.xml
Date: Sun Jun 27 22:27:06 EDT 2010
st
Date: Sun Jun 27 22:27:27 EDT 2010
st
Date: Sun Jun 27 22:37:44 EDT 2010
remote add origin git@github.com:claytron/boxee-vimcasts.git
Date: Sun Jun 27 22:37:48 EDT 2010
st
Date: Sun Jun 27 22:37:50 EDT 2010
push origin master
Date: Sun Jun 27 22:37:57 EDT 2010
st
Date: Mon Jun 28 00:05:40 EDT 2010
push origin master
Date: Mon Jun 28 00:05:47 EDT 2010
st
Date: Mon Jun 28 00:15:52 EDT 2010
diff
Date: Mon Jun 28 00:15:58 EDT 2010
st
Date: Mon Jun 28 01:02:35 EDT 2010
diff
Date: Mon Jun 28 01:02:39 EDT 2010
st
Date: Mon Jun 28 01:20:07 EDT 2010
st
Date: Mon Jun 28 08:10:20 EDT 2010
st
Date: Mon Jun 28 19:14:07 EDT 2010
st
Date: Mon Jun 28 19:56:50 EDT 2010
push origin master
Date: Mon Jun 28 19:56:57 EDT 2010
st
Date: Mon Jun 28 20:01:24 EDT 2010
st
Date: Mon Jun 28 20:13:00 EDT 2010
push origin master
Date: Mon Jun 28 20:13:28 EDT 2010
add vimcasts_thumb.png
Date: Tue Jun 29 07:49:15 EDT 2010
st
Date: Tue Jun 29 07:49:16 EDT 2010
commit
Date: Tue Jun 29 07:52:36 EDT 2010
--help
Date: Tue Jun 29 07:54:10 EDT 2010
help
Date: Tue Jun 29 07:54:15 EDT 2010
help
Date: Tue Jun 29 07:54:39 EDT 2010
--help
Date: Tue Jun 29 07:54:46 EDT 2010
help show
Date: Tue Jun 29 07:55:27 EDT 2010
remote -v
Date: Tue Jun 29 07:55:58 EDT 2010
push origin master
Date: Tue Jun 29 08:05:27 EDT 2010
mv vimcasts_thumb.png thumb.png
Date: Tue Jun 29 08:09:36 EDT 2010
st
Date: Tue Jun 29 08:09:39 EDT 2010
st
Date: Tue Jun 29 08:09:59 EDT 2010
diff descriptor.xml
Date: Tue Jun 29 08:10:09 EDT 2010
add descriptor.xml
Date: Tue Jun 29 08:10:20 EDT 2010
diff --staged
Date: Tue Jun 29 08:10:32 EDT 2010
commit
Date: Tue Jun 29 08:10:46 EDT 2010
push origin master
Date: Tue Jun 29 08:10:54 EDT 2010
st
Date: Tue Jun 29 08:16:40 EDT 2010
add thumb.png
Date: Tue Jun 29 08:16:46 EDT 2010
commit
Date: Tue Jun 29 08:17:14 EDT 2010
push origin master
Date: Tue Jun 29 08:17:32 EDT 2010
init
Date: Tue Jun 29 09:33:34 EDT 2010
st
Date: Tue Jun 29 09:36:12 EDT 2010
add .git IGNORE.txt README.txt bootstrap.py buildout.cfg products profiles scripts src version.txt
Date: Tue Jun 29 09:36:24 EDT 2010
st
Date: Tue Jun 29 09:36:26 EDT 2010
commit
Date: Tue Jun 29 09:36:41 EDT 2010
st
Date: Tue Jun 29 09:38:56 EDT 2010
st
Date: Tue Jun 29 10:04:48 EDT 2010
st
Date: Tue Jun 29 19:26:27 EDT 2010
checkout descriptor.xml
Date: Tue Jun 29 19:26:35 EDT 2010
st
Date: Tue Jun 29 19:26:38 EDT 2010
st
Date: Tue Jun 29 19:31:49 EDT 2010
checkout descriptor.xml
Date: Tue Jun 29 19:31:56 EDT 2010
st
Date: Tue Jun 29 19:35:50 EDT 2010
diff descriptor.xml
Date: Tue Jun 29 19:35:57 EDT 2010
add fabfile.py
Date: Tue Jun 29 19:36:09 EDT 2010
st
Date: Tue Jun 29 19:36:11 EDT 2010
commit
Date: Tue Jun 29 19:36:37 EDT 2010
diff descriptor.xml
Date: Tue Jun 29 23:15:32 EDT 2010
checkout descriptor.xml
Date: Tue Jun 29 23:15:37 EDT 2010
checkout descriptor.xml
Date: Tue Jun 29 23:16:21 EDT 2010
st
Date: Tue Jun 29 23:24:09 EDT 2010
diff fabfile.py
Date: Tue Jun 29 23:24:33 EDT 2010
checkout descriptor.xml
Date: Tue Jun 29 23:46:27 EDT 2010
checkout descriptor.xml
Date: Tue Jun 29 23:47:10 EDT 2010
checkout descriptor.xml
Date: Tue Jun 29 23:48:36 EDT 2010
diff descriptor.xml
Date: Tue Jun 29 23:49:19 EDT 2010
commit descriptor.xml
Date: Tue Jun 29 23:49:41 EDT 2010
diff descriptor.xml
Date: Tue Jun 29 23:49:57 EDT 2010
diff descriptor.xml
Date: Tue Jun 29 23:51:19 EDT 2010
st
Date: Tue Jun 29 23:54:27 EDT 2010
diff fabfile.py
Date: Tue Jun 29 23:54:38 EDT 2010
add fabfile.py
Date: Tue Jun 29 23:54:45 EDT 2010
commit
Date: Tue Jun 29 23:55:25 EDT 2010
st
Date: Tue Jun 29 23:59:59 EDT 2010
diff helpers.py
Date: Wed Jun 30 00:00:30 EDT 2010
stash save watched episodes
Date: Wed Jun 30 00:00:40 EDT 2010
st
Date: Wed Jun 30 00:00:42 EDT 2010
add vimcasts
Date: Wed Jun 30 00:01:09 EDT 2010
mv descriptor.xml vimcasts/.
Date: Wed Jun 30 00:01:18 EDT 2010
st
Date: Wed Jun 30 00:01:21 EDT 2010
mv helpers.py vimcasts/.
Date: Wed Jun 30 00:01:33 EDT 2010
mv skin vimcasts/.
Date: Wed Jun 30 00:01:42 EDT 2010
st
Date: Wed Jun 30 00:02:03 EDT 2010
st
Date: Wed Jun 30 00:02:11 EDT 2010
st
Date: Wed Jun 30 00:02:29 EDT 2010
commit
Date: Wed Jun 30 00:03:08 EDT 2010
st
Date: Wed Jun 30 00:14:44 EDT 2010
diff descriptor.xml
Date: Wed Jun 30 00:14:52 EDT 2010
add README.md
Date: Wed Jun 30 00:14:57 EDT 2010
diff --staged
Date: Wed Jun 30 00:15:04 EDT 2010
ci
Date: Wed Jun 30 00:15:26 EDT 2010
push origin master
Date: Wed Jun 30 00:15:39 EDT 2010
st
Date: Wed Jun 30 08:08:10 EDT 2010
st
Date: Wed Jun 30 08:08:41 EDT 2010
diff
Date: Wed Jun 30 08:08:45 EDT 2010
ci -a
Date: Wed Jun 30 08:09:06 EDT 2010
push origin master
Date: Wed Jun 30 08:09:15 EDT 2010
st
Date: Wed Jun 30 08:53:42 EDT 2010
st
Date: Wed Jun 30 08:55:33 EDT 2010
st
Date: Wed Jun 30 08:55:47 EDT 2010
st
Date: Wed Jun 30 08:55:59 EDT 2010
st
Date: Wed Jun 30 08:59:51 EDT 2010
push origin master
Date: Wed Jun 30 08:59:54 EDT 2010
st
Date: Wed Jun 30 09:02:09 EDT 2010
diff
Date: Wed Jun 30 09:02:15 EDT 2010
ci -a
Date: Wed Jun 30 09:02:27 EDT 2010
push origin master
Date: Wed Jun 30 09:02:35 EDT 2010
